2020-09-10 13:26:50.011  INFO 10208 --- [main] c.e.i.storerun.SpringBootRunner          : Starting SpringBootRunner on DESKTOP-QRR57HK with PID 10208 (F:\workspace\store-runners-back\target\classes started by SConejo in F:\workspace\store-runners-back)
2020-09-10 13:26:50.016  INFO 10208 --- [main] c.e.i.storerun.SpringBootRunner          : No active profile set, falling back to default profiles: default
2020-09-10 13:26:51.644  INFO 10208 --- [main] .s.d.r.c.RepositoryConfigurationDelegate : Bootstrapping Spring Data JPA repositories in DEFAULT mode.
2020-09-10 13:26:51.716  INFO 10208 --- [main] .s.d.r.c.RepositoryConfigurationDelegate : Finished Spring Data repository scanning in 59ms. Found 3 JPA repository interfaces.
2020-09-10 13:26:52.236  INFO 10208 --- [main] o.s.b.w.embedded.tomcat.TomcatWebServer  : Tomcat initialized with port(s): 9090 (http)
2020-09-10 13:26:52.262  INFO 10208 --- [main] o.apache.catalina.core.StandardService   : Starting service [Tomcat]
2020-09-10 13:26:52.262  INFO 10208 --- [main] org.apache.catalina.core.StandardEngine  : Starting Servlet engine: [Apache Tomcat/9.0.31]
2020-09-10 13:26:52.366  INFO 10208 --- [main] o.a.c.c.C.[Tomcat].[localhost].[/]       : Initializing Spring embedded WebApplicationContext
2020-09-10 13:26:52.366  INFO 10208 --- [main] o.s.web.context.ContextLoader            : Root WebApplicationContext: initialization completed in 2268 ms
2020-09-10 13:26:52.731  INFO 10208 --- [main] com.zaxxer.hikari.HikariDataSource       : HikariPool-1 - Starting...
2020-09-10 13:26:53.542  INFO 10208 --- [main] com.zaxxer.hikari.HikariDataSource       : HikariPool-1 - Start completed.
2020-09-10 13:26:53.592  INFO 10208 --- [main] o.hibernate.jpa.internal.util.LogHelper  : HHH000204: Processing PersistenceUnitInfo [name: default]
2020-09-10 13:26:53.701  INFO 10208 --- [main] org.hibernate.Version                    : HHH000412: Hibernate ORM core version 5.4.12.Final
2020-09-10 13:26:53.863  INFO 10208 --- [main] o.hibernate.annotations.common.Version   : HCANN000001: Hibernate Commons Annotations {5.1.0.Final}
2020-09-10 13:26:53.977  INFO 10208 --- [main] org.hibernate.dialect.Dialect            : HHH000400: Using dialect: org.hibernate.dialect.PostgreSQLDialect
2020-09-10 13:26:54.587  INFO 10208 --- [main] o.h.e.t.j.p.i.JtaPlatformInitiator       : HHH000490: Using JtaPlatform implementation: [org.hibernate.engine.transaction.jta.platform.internal.NoJtaPlatform]
2020-09-10 13:26:54.594  INFO 10208 --- [main] j.LocalContainerEntityManagerFactoryBean : Initialized JPA EntityManagerFactory for persistence unit 'default'
2020-09-10 13:26:55.122  WARN 10208 --- [main] JpaBaseConfiguration$JpaWebConfiguration : spring.jpa.open-in-view is enabled by default. Therefore, database queries may be performed during view rendering. Explicitly configure spring.jpa.open-in-view to disable this warning
2020-09-10 13:26:55.250  INFO 10208 --- [main] o.s.b.a.e.web.EndpointLinksResolver      : Exposing 14 endpoint(s) beneath base path '/actuator'
2020-09-10 13:26:55.323  INFO 10208 --- [main] pertySourcedRequestMappingHandlerMapping : Mapped URL path [/v2/api-docs] onto method [springfox.documentation.swagger2.web.Swagger2Controller#getDocumentation(String, HttpServletRequest)]
2020-09-10 13:26:55.407  INFO 10208 --- [main] o.s.s.concurrent.ThreadPoolTaskExecutor  : Initializing ExecutorService 'applicationTaskExecutor'
2020-09-10 13:26:55.788  INFO 10208 --- [main] d.s.w.p.DocumentationPluginsBootstrapper : Context refreshed
2020-09-10 13:26:55.804  INFO 10208 --- [main] d.s.w.p.DocumentationPluginsBootstrapper : Found 1 custom documentation plugin(s)
2020-09-10 13:26:55.843  INFO 10208 --- [main] s.d.s.w.s.ApiListingReferenceScanner     : Scanning for api listing references
2020-09-10 13:26:55.939  INFO 10208 --- [main] .d.s.w.r.o.CachingOperationNameGenerator : Generating unique operation named: findAllUsingGET_1
2020-09-10 13:26:55.942  INFO 10208 --- [main] .d.s.w.r.o.CachingOperationNameGenerator : Generating unique operation named: findByIdUsingGET_1
2020-09-10 13:26:55.944  INFO 10208 --- [main] .d.s.w.r.o.CachingOperationNameGenerator : Generating unique operation named: findAllUsingGET_2
2020-09-10 13:26:55.955  INFO 10208 --- [main] .d.s.w.r.o.CachingOperationNameGenerator : Generating unique operation named: findByIdUsingGET_2
2020-09-10 13:26:56.046  INFO 10208 --- [main] o.s.b.w.embedded.tomcat.TomcatWebServer  : Tomcat started on port(s): 9090 (http) with context path ''
2020-09-10 13:26:56.049  INFO 10208 --- [main] c.e.i.storerun.SpringBootRunner          : Started SpringBootRunner in 6.39 seconds (JVM running for 7.266)
2020-09-10 13:27:43.752  INFO 10208 --- [http-nio-9090-exec-1] o.a.c.c.C.[Tomcat].[localhost].[/]       : Initializing Spring DispatcherServlet 'dispatcherServlet'
2020-09-10 13:27:43.752  INFO 10208 --- [http-nio-9090-exec-1] o.s.web.servlet.DispatcherServlet        : Initializing Servlet 'dispatcherServlet'
2020-09-10 13:27:43.759  INFO 10208 --- [http-nio-9090-exec-1] o.s.web.servlet.DispatcherServlet        : Completed initialization in 7 ms
2020-09-10 13:34:15.447  INFO 10208 --- [RMI TCP Connection(18)-127.0.0.1] inMXBeanRegistrar$SpringApplicationAdmin : Application shutdown requested.
2020-09-10 13:34:15.450  INFO 10208 --- [RMI TCP Connection(18)-127.0.0.1] o.s.s.concurrent.ThreadPoolTaskExecutor  : Shutting down ExecutorService 'applicationTaskExecutor'
2020-09-10 13:34:15.454  INFO 10208 --- [RMI TCP Connection(18)-127.0.0.1] j.LocalContainerEntityManagerFactoryBean : Closing JPA EntityManagerFactory for persistence unit 'default'
2020-09-10 13:34:15.455  INFO 10208 --- [RMI TCP Connection(18)-127.0.0.1] com.zaxxer.hikari.HikariDataSource       : HikariPool-1 - Shutdown initiated...
2020-09-10 13:34:15.458  INFO 10208 --- [RMI TCP Connection(18)-127.0.0.1] com.zaxxer.hikari.HikariDataSource       : HikariPool-1 - Shutdown completed.
2020-09-10 13:52:57.933  INFO 7684 --- [main] c.e.i.storerun.SpringBootRunner          : Starting SpringBootRunner on DESKTOP-QRR57HK with PID 7684 (F:\workspace\store-runners-back\target\classes started by SConejo in F:\workspace\store-runners-back)
2020-09-10 13:52:57.935  INFO 7684 --- [main] c.e.i.storerun.SpringBootRunner          : No active profile set, falling back to default profiles: default
2020-09-10 13:52:58.754  INFO 7684 --- [main] .s.d.r.c.RepositoryConfigurationDelegate : Bootstrapping Spring Data JPA repositories in DEFAULT mode.
2020-09-10 13:52:58.808  INFO 7684 --- [main] .s.d.r.c.RepositoryConfigurationDelegate : Finished Spring Data repository scanning in 47ms. Found 3 JPA repository interfaces.
2020-09-10 13:52:59.256  INFO 7684 --- [main] o.s.b.w.embedded.tomcat.TomcatWebServer  : Tomcat initialized with port(s): 9090 (http)
2020-09-10 13:52:59.263  INFO 7684 --- [main] o.apache.catalina.core.StandardService   : Starting service [Tomcat]
2020-09-10 13:52:59.264  INFO 7684 --- [main] org.apache.catalina.core.StandardEngine  : Starting Servlet engine: [Apache Tomcat/9.0.31]
2020-09-10 13:52:59.341  INFO 7684 --- [main] o.a.c.c.C.[Tomcat].[localhost].[/]       : Initializing Spring embedded WebApplicationContext
2020-09-10 13:52:59.342  INFO 7684 --- [main] o.s.web.context.ContextLoader            : Root WebApplicationContext: initialization completed in 1377 ms
2020-09-10 13:52:59.627  INFO 7684 --- [main] com.zaxxer.hikari.HikariDataSource       : HikariPool-1 - Starting...
2020-09-10 13:53:00.132  INFO 7684 --- [main] com.zaxxer.hikari.HikariDataSource       : HikariPool-1 - Start completed.
2020-09-10 13:53:00.164  INFO 7684 --- [main] o.hibernate.jpa.internal.util.LogHelper  : HHH000204: Processing PersistenceUnitInfo [name: default]
2020-09-10 13:53:00.208  INFO 7684 --- [main] org.hibernate.Version                    : HHH000412: Hibernate ORM core version 5.4.12.Final
2020-09-10 13:53:00.289  INFO 7684 --- [main] o.hibernate.annotations.common.Version   : HCANN000001: Hibernate Commons Annotations {5.1.0.Final}
2020-09-10 13:53:00.357  INFO 7684 --- [main] org.hibernate.dialect.Dialect            : HHH000400: Using dialect: org.hibernate.dialect.PostgreSQLDialect
2020-09-10 13:53:00.809  INFO 7684 --- [main] o.h.e.t.j.p.i.JtaPlatformInitiator       : HHH000490: Using JtaPlatform implementation: [org.hibernate.engine.transaction.jta.platform.internal.NoJtaPlatform]
2020-09-10 13:53:00.815  INFO 7684 --- [main] j.LocalContainerEntityManagerFactoryBean : Initialized JPA EntityManagerFactory for persistence unit 'default'
2020-09-10 13:53:01.223  WARN 7684 --- [main] JpaBaseConfiguration$JpaWebConfiguration : spring.jpa.open-in-view is enabled by default. Therefore, database queries may be performed during view rendering. Explicitly configure spring.jpa.open-in-view to disable this warning
2020-09-10 13:53:01.340  INFO 7684 --- [main] o.s.b.a.e.web.EndpointLinksResolver      : Exposing 14 endpoint(s) beneath base path '/actuator'
2020-09-10 13:53:01.411  INFO 7684 --- [main] pertySourcedRequestMappingHandlerMapping : Mapped URL path [/v2/api-docs] onto method [springfox.documentation.swagger2.web.Swagger2Controller#getDocumentation(String, HttpServletRequest)]
2020-09-10 13:53:01.513  INFO 7684 --- [main] o.s.s.concurrent.ThreadPoolTaskExecutor  : Initializing ExecutorService 'applicationTaskExecutor'
2020-09-10 13:53:01.813  INFO 7684 --- [main] d.s.w.p.DocumentationPluginsBootstrapper : Context refreshed
2020-09-10 13:53:01.827  INFO 7684 --- [main] d.s.w.p.DocumentationPluginsBootstrapper : Found 1 custom documentation plugin(s)
2020-09-10 13:53:01.861  INFO 7684 --- [main] s.d.s.w.s.ApiListingReferenceScanner     : Scanning for api listing references
2020-09-10 13:53:01.924  INFO 7684 --- [main] .d.s.w.r.o.CachingOperationNameGenerator : Generating unique operation named: findAllUsingGET_1
2020-09-10 13:53:01.926  INFO 7684 --- [main] .d.s.w.r.o.CachingOperationNameGenerator : Generating unique operation named: findByIdUsingGET_1
2020-09-10 13:53:01.929  INFO 7684 --- [main] .d.s.w.r.o.CachingOperationNameGenerator : Generating unique operation named: findAllUsingGET_2
2020-09-10 13:53:01.930  INFO 7684 --- [main] .d.s.w.r.o.CachingOperationNameGenerator : Generating unique operation named: findByIdUsingGET_2
2020-09-10 13:53:01.969  INFO 7684 --- [main] o.s.b.w.embedded.tomcat.TomcatWebServer  : Tomcat started on port(s): 9090 (http) with context path ''
2020-09-10 13:53:01.971  INFO 7684 --- [main] c.e.i.storerun.SpringBootRunner          : Started SpringBootRunner in 4.306 seconds (JVM running for 4.819)
2020-09-10 14:00:30.967  INFO 7684 --- [RMI TCP Connection(18)-127.0.0.1] inMXBeanRegistrar$SpringApplicationAdmin : Application shutdown requested.
2020-09-10 14:00:30.970  INFO 7684 --- [RMI TCP Connection(18)-127.0.0.1] o.s.s.concurrent.ThreadPoolTaskExecutor  : Shutting down ExecutorService 'applicationTaskExecutor'
2020-09-10 14:00:30.973  INFO 7684 --- [RMI TCP Connection(18)-127.0.0.1] j.LocalContainerEntityManagerFactoryBean : Closing JPA EntityManagerFactory for persistence unit 'default'
2020-09-10 14:00:30.975  INFO 7684 --- [RMI TCP Connection(18)-127.0.0.1] com.zaxxer.hikari.HikariDataSource       : HikariPool-1 - Shutdown initiated...
2020-09-10 14:00:30.977  INFO 7684 --- [RMI TCP Connection(18)-127.0.0.1] com.zaxxer.hikari.HikariDataSource       : HikariPool-1 - Shutdown completed.
2020-09-10 14:01:25.377  INFO 5992 --- [main] c.e.i.storerun.SpringBootRunner          : Starting SpringBootRunner on DESKTOP-QRR57HK with PID 5992 (F:\workspace\store-runners-back\target\classes started by SConejo in F:\workspace\store-runners-back)
2020-09-10 14:01:25.380  INFO 5992 --- [main] c.e.i.storerun.SpringBootRunner          : No active profile set, falling back to default profiles: default
2020-09-10 14:01:26.216  INFO 5992 --- [main] .s.d.r.c.RepositoryConfigurationDelegate : Bootstrapping Spring Data JPA repositories in DEFAULT mode.
2020-09-10 14:01:26.272  INFO 5992 --- [main] .s.d.r.c.RepositoryConfigurationDelegate : Finished Spring Data repository scanning in 50ms. Found 3 JPA repository interfaces.
2020-09-10 14:01:26.716  INFO 5992 --- [main] o.s.b.w.embedded.tomcat.TomcatWebServer  : Tomcat initialized with port(s): 9090 (http)
2020-09-10 14:01:26.724  INFO 5992 --- [main] o.apache.catalina.core.StandardService   : Starting service [Tomcat]
2020-09-10 14:01:26.724  INFO 5992 --- [main] org.apache.catalina.core.StandardEngine  : Starting Servlet engine: [Apache Tomcat/9.0.31]
2020-09-10 14:01:26.801  INFO 5992 --- [main] o.a.c.c.C.[Tomcat].[localhost].[/]       : Initializing Spring embedded WebApplicationContext
2020-09-10 14:01:26.801  INFO 5992 --- [main] o.s.web.context.ContextLoader            : Root WebApplicationContext: initialization completed in 1385 ms
2020-09-10 14:01:27.103  INFO 5992 --- [main] com.zaxxer.hikari.HikariDataSource       : HikariPool-1 - Starting...
2020-09-10 14:01:27.648  INFO 5992 --- [main] com.zaxxer.hikari.HikariDataSource       : HikariPool-1 - Start completed.
2020-09-10 14:01:27.683  INFO 5992 --- [main] o.hibernate.jpa.internal.util.LogHelper  : HHH000204: Processing PersistenceUnitInfo [name: default]
2020-09-10 14:01:27.728  INFO 5992 --- [main] org.hibernate.Version                    : HHH000412: Hibernate ORM core version 5.4.12.Final
2020-09-10 14:01:27.810  INFO 5992 --- [main] o.hibernate.annotations.common.Version   : HCANN000001: Hibernate Commons Annotations {5.1.0.Final}
2020-09-10 14:01:27.878  INFO 5992 --- [main] org.hibernate.dialect.Dialect            : HHH000400: Using dialect: org.hibernate.dialect.PostgreSQLDialect
2020-09-10 14:01:28.371  INFO 5992 --- [main] o.h.e.t.j.p.i.JtaPlatformInitiator       : HHH000490: Using JtaPlatform implementation: [org.hibernate.engine.transaction.jta.platform.internal.NoJtaPlatform]
2020-09-10 14:01:28.378  INFO 5992 --- [main] j.LocalContainerEntityManagerFactoryBean : Initialized JPA EntityManagerFactory for persistence unit 'default'
2020-09-10 14:01:28.819  WARN 5992 --- [main] JpaBaseConfiguration$JpaWebConfiguration : spring.jpa.open-in-view is enabled by default. Therefore, database queries may be performed during view rendering. Explicitly configure spring.jpa.open-in-view to disable this warning
2020-09-10 14:01:28.935  INFO 5992 --- [main] o.s.b.a.e.web.EndpointLinksResolver      : Exposing 14 endpoint(s) beneath base path '/actuator'
2020-09-10 14:01:29.024  INFO 5992 --- [main] pertySourcedRequestMappingHandlerMapping : Mapped URL path [/v2/api-docs] onto method [springfox.documentation.swagger2.web.Swagger2Controller#getDocumentation(String, HttpServletRequest)]
2020-09-10 14:01:29.105  INFO 5992 --- [main] o.s.s.concurrent.ThreadPoolTaskExecutor  : Initializing ExecutorService 'applicationTaskExecutor'
2020-09-10 14:01:29.424  INFO 5992 --- [main] d.s.w.p.DocumentationPluginsBootstrapper : Context refreshed
2020-09-10 14:01:29.438  INFO 5992 --- [main] d.s.w.p.DocumentationPluginsBootstrapper : Found 1 custom documentation plugin(s)
2020-09-10 14:01:29.476  INFO 5992 --- [main] s.d.s.w.s.ApiListingReferenceScanner     : Scanning for api listing references
2020-09-10 14:01:29.544  INFO 5992 --- [main] .d.s.w.r.o.CachingOperationNameGenerator : Generating unique operation named: findAllUsingGET_1
2020-09-10 14:01:29.548  INFO 5992 --- [main] .d.s.w.r.o.CachingOperationNameGenerator : Generating unique operation named: findByIdUsingGET_1
2020-09-10 14:01:29.552  INFO 5992 --- [main] .d.s.w.r.o.CachingOperationNameGenerator : Generating unique operation named: findAllUsingGET_2
2020-09-10 14:01:29.554  INFO 5992 --- [main] .d.s.w.r.o.CachingOperationNameGenerator : Generating unique operation named: findByIdUsingGET_2
2020-09-10 14:01:29.598  INFO 5992 --- [main] o.s.b.w.embedded.tomcat.TomcatWebServer  : Tomcat started on port(s): 9090 (http) with context path ''
2020-09-10 14:01:29.599  INFO 5992 --- [main] c.e.i.storerun.SpringBootRunner          : Started SpringBootRunner in 4.481 seconds (JVM running for 4.993)
2020-09-10 14:02:13.231  INFO 5992 --- [http-nio-9090-exec-1] o.a.c.c.C.[Tomcat].[localhost].[/]       : Initializing Spring DispatcherServlet 'dispatcherServlet'
2020-09-10 14:02:13.232  INFO 5992 --- [http-nio-9090-exec-1] o.s.web.servlet.DispatcherServlet        : Initializing Servlet 'dispatcherServlet'
2020-09-10 14:02:13.241  INFO 5992 --- [http-nio-9090-exec-1] o.s.web.servlet.DispatcherServlet        : Completed initialization in 5 ms
2020-09-10 14:05:09.428  INFO 5992 --- [RMI TCP Connection(13)-127.0.0.1] inMXBeanRegistrar$SpringApplicationAdmin : Application shutdown requested.
2020-09-10 14:05:09.432  INFO 5992 --- [RMI TCP Connection(13)-127.0.0.1] o.s.s.concurrent.ThreadPoolTaskExecutor  : Shutting down ExecutorService 'applicationTaskExecutor'
2020-09-10 14:05:09.435  INFO 5992 --- [RMI TCP Connection(13)-127.0.0.1] j.LocalContainerEntityManagerFactoryBean : Closing JPA EntityManagerFactory for persistence unit 'default'
2020-09-10 14:05:09.436  INFO 5992 --- [RMI TCP Connection(13)-127.0.0.1] com.zaxxer.hikari.HikariDataSource       : HikariPool-1 - Shutdown initiated...
2020-09-10 14:05:09.439  INFO 5992 --- [RMI TCP Connection(13)-127.0.0.1] com.zaxxer.hikari.HikariDataSource       : HikariPool-1 - Shutdown completed.
